<?xml version="1.0" encoding="UTF-8"?>
<!-- Generated by org.testng.reporters.JUnitReportReporter -->
<testsuite skipped="2" hostname="wlpt761" name="TelenorGp.GPAPI" tests="3" failures="0" timestamp="23 Oct 2020 12:53:40 GMT" time="2.281" errors="0">
  <testcase name="mongoverify" time="2.281" classname="TelenorGp.GPAPI"/>
  <testcase name="apicall" classname="TelenorGp.GPAPI">
    <skipped/>
  </testcase> <!-- apicall -->
  <testcase name="gtridsheet" classname="TelenorGp.GPAPI">
    <skipped/>
  </testcase> <!-- gtridsheet -->
</testsuite> <!-- TelenorGp.GPAPI -->
